[debug] [2017-11-29T05:22:28.421Z] ----------------------------------------------------------------------
[debug] [2017-11-29T05:22:28.421Z] Command:       C:\Program Files\nodejs\node.exe C:\Users\danie\AppData\Roaming\npm\node_modules\firebase-tools\bin\firebase serve
[debug] [2017-11-29T05:22:28.421Z] CLI Version:   3.15.3
[debug] [2017-11-29T05:22:28.421Z] Platform:      win32
[debug] [2017-11-29T05:22:28.421Z] Node Version:  v7.9.0
[debug] [2017-11-29T05:22:28.436Z] Time:          Wed Nov 29 2017 16:22:28 GMT+1100 (AUS Eastern Daylight Time)
[debug] [2017-11-29T05:22:28.436Z] ----------------------------------------------------------------------
[debug] 
[debug] [2017-11-29T05:22:28.488Z] > command requires scopes: ["email","openid","https://www.googleapis.com/auth/cloudplatformprojects.readonly","https://www.googleapis.com/auth/firebase","https://www.googleapis.com/auth/cloud-platform"]
[debug] [2017-11-29T05:22:28.494Z] > authorizing via signed-in user
[debug] [2017-11-29T05:22:28.524Z] >>> HTTP REQUEST GET https://admin.firebase.com/v1/projects/history-castles  
 Wed Nov 29 2017 16:22:28 GMT+1100 (AUS Eastern Daylight Time)
[debug] [2017-11-29T05:22:29.596Z] <<< HTTP RESPONSE 200
[debug] [2017-11-29T05:22:29.596Z] >>> HTTP REQUEST GET https://admin.firebase.com/v1/database/history-castles/tokens  
 Wed Nov 29 2017 16:22:29 GMT+1100 (AUS Eastern Daylight Time)
[debug] [2017-11-29T05:22:30.462Z] <<< HTTP RESPONSE 200
[info] 
[info] === Serving from 'C:\Users\danie\Documents\Coding\HTML\historyCastles'...
[info] 
[debug] [2017-11-29T05:22:30.478Z] >>> HTTP REQUEST GET https://cloudresourcemanager.googleapis.com/v1/projects/history-castles  
 Wed Nov 29 2017 16:22:30 GMT+1100 (AUS Eastern Daylight Time)
[debug] [2017-11-29T05:22:31.952Z] <<< HTTP RESPONSE 200
[debug] [2017-11-29T05:22:31.952Z] >>> HTTP REQUEST GET https://mobilesdk-pa.googleapis.com/v1/projects/1043517065175/clients/_:getWebAppConfig  
 Wed Nov 29 2017 16:22:31 GMT+1100 (AUS Eastern Daylight Time)
[debug] [2017-11-29T05:22:32.910Z] <<< HTTP RESPONSE 200
[info] i  hosting: Serving hosting files from: public
[info] +  hosting: Local server: http://localhost:5000

[debug] [2017-11-29T05:27:47.305Z] ----------------------------------------------------------------------
[debug] [2017-11-29T05:27:47.467Z] Command:       C:\Program Files\nodejs\node.exe C:\Users\danie\AppData\Roaming\npm\node_modules\firebase-tools\bin\firebase serve
[debug] [2017-11-29T05:27:47.475Z] CLI Version:   3.15.3
[debug] [2017-11-29T05:27:47.476Z] Platform:      win32
[debug] [2017-11-29T05:27:47.477Z] Node Version:  v7.9.0
[debug] [2017-11-29T05:27:47.482Z] Time:          Wed Nov 29 2017 16:27:47 GMT+1100 (AUS Eastern Daylight Time)
[debug] [2017-11-29T05:27:47.482Z] ----------------------------------------------------------------------
[debug] 
[debug] [2017-11-29T05:27:48.062Z] > command requires scopes: ["email","openid","https://www.googleapis.com/auth/cloudplatformprojects.readonly","https://www.googleapis.com/auth/firebase","https://www.googleapis.com/auth/cloud-platform"]
[debug] [2017-11-29T05:27:48.070Z] > authorizing via signed-in user
[debug] [2017-11-29T05:27:48.100Z] >>> HTTP REQUEST GET https://admin.firebase.com/v1/projects/history-castles  
 Wed Nov 29 2017 16:27:48 GMT+1100 (AUS Eastern Daylight Time)
[debug] [2017-11-29T05:27:50.013Z] <<< HTTP RESPONSE 200
[debug] [2017-11-29T05:27:50.018Z] >>> HTTP REQUEST GET https://admin.firebase.com/v1/database/history-castles/tokens  
 Wed Nov 29 2017 16:27:50 GMT+1100 (AUS Eastern Daylight Time)
[debug] [2017-11-29T05:27:50.976Z] <<< HTTP RESPONSE 200
[info] 
[info] === Serving from 'C:\Users\danie\Documents\Coding\HTML\historyCastles'...
[info] 
[debug] [2017-11-29T05:27:51.368Z] >>> HTTP REQUEST GET https://cloudresourcemanager.googleapis.com/v1/projects/history-castles  
 Wed Nov 29 2017 16:27:51 GMT+1100 (AUS Eastern Daylight Time)
[debug] [2017-11-29T05:27:53.060Z] <<< HTTP RESPONSE 200
[debug] [2017-11-29T05:27:53.064Z] >>> HTTP REQUEST GET https://mobilesdk-pa.googleapis.com/v1/projects/1043517065175/clients/_:getWebAppConfig  
 Wed Nov 29 2017 16:27:53 GMT+1100 (AUS Eastern Daylight Time)
[debug] [2017-11-29T05:27:54.994Z] <<< HTTP RESPONSE 200
[info] i  hosting: Serving hosting files from: public
[info] +  hosting: Local server: http://localhost:5000

